#
# There is insufficient memory for the Java Runtime Environment to continue.
# Native memory allocation (malloc) failed to allocate 32744 bytes. Error detail: Chunk::new
# Possible reasons:
#   The system is out of physical RAM or swap space
#   This process is running with CompressedOops enabled, and the Java Heap may be blocking the growth of the native heap
# Possible solutions:
#   Reduce memory load on the system
#   Increase physical memory or swap space
#   Check if swap backing store is full
#   Decrease Java heap size (-Xmx/-Xms)
#   Decrease number of Java threads
#   Decrease Java thread stack sizes (-Xss)
#   Set larger code cache with -XX:ReservedCodeCacheSize=
#   JVM is running with Unscaled Compressed Oops mode in which the Java heap is
#     placed in the first 4GB address space. The Java Heap base address is the
#     maximum limit for the native heap growth. Please use -XX:HeapBaseMinAddress
#     to set the Java Heap base and to place the Java Heap above 4GB virtual address.
# This output file may be truncated or incomplete.
#
#  Out of Memory Error (arena.cpp:168), pid=12336, tid=17944
#
# JRE version: OpenJDK Runtime Environment Temurin-21.0.7+6 (21.0.7+6) (build 21.0.7+6-LTS)
# Java VM: OpenJDK 64-Bit Server VM Temurin-21.0.7+6 (21.0.7+6-LTS, mixed mode, sharing, tiered, compressed oops, compressed class ptrs, parallel gc, windows-amd64)
# No core dump will be written. Minidumps are not enabled by default on client versions of Windows
#

---------------  S U M M A R Y ------------

Command Line: --add-modules=ALL-SYSTEM --add-opens=java.base/java.util=ALL-UNNAMED --add-opens=java.base/java.lang=ALL-UNNAMED --add-opens=java.base/sun.nio.fs=ALL-UNNAMED -Declipse.application=org.eclipse.jdt.ls.core.id1 -Dosgi.bundles.defaultStartLevel=4 -Declipse.product=org.eclipse.jdt.ls.core.product -Djava.import.generatesMetadataFilesAtProjectRoot=false -DDetectVMInstallationsJob.disabled=true -Dfile.encoding=utf8 -XX:+UseParallelGC -XX:GCTimeRatio=4 -XX:AdaptiveSizePolicyWeight=90 -Dsun.zip.disableMemoryMapping=true -Xmx1G -Xms100m -Xlog:disable -javaagent:c:\Users\Babaloo\.vscode\extensions\redhat.java-1.42.0-win32-x64\lombok\lombok-1.18.36.jar c:\Users\Babaloo\.vscode\extensions\redhat.java-1.42.0-win32-x64\server\plugins\org.eclipse.equinox.launcher_1.7.0.v20250424-1814.jar -configuration c:\Users\Babaloo\AppData\Roaming\Code\User\globalStorage\redhat.java\1.42.0\config_ss_win -data c:\Users\Babaloo\AppData\Roaming\Code\User\workspaceStorage\370a32ae1699ddc963b1ac98a167b735\redhat.java\ss_ws --pipe=\\.\pipe\lsp-80c2143374475322feca20204a26a1e2-sock

Host: Intel(R) Celeron(R) CPU 3865U @ 1.80GHz, 2 cores, 3G,  Windows 10 , 64 bit Build 19041 (10.0.19041.5794)
Time: Tue Jun  3 19:11:54 2025 Hora oficial do Brasil elapsed time: 244.602186 seconds (0d 0h 4m 4s)

---------------  T H R E A D  ---------------

Current thread (0x00000210b07a4840):  JavaThread "C1 CompilerThread0" daemon [_thread_in_native, id=17944, stack(0x000000cd06a00000,0x000000cd06b00000) (1024K)]


Current CompileTask:
C1:244603 5189       3       java.io.DataOutputStream::incCount (20 bytes)

Stack: [0x000000cd06a00000,0x000000cd06b00000]
Native frames: (J=compiled Java code, j=interpreted, Vv=VM code, C=native code)
V  [jvm.dll+0x6ce119]
V  [jvm.dll+0x8a84a1]
V  [jvm.dll+0x8aa9ce]
V  [jvm.dll+0x8ab0b3]
V  [jvm.dll+0x27f8a6]
V  [jvm.dll+0xc507d]
V  [jvm.dll+0xc55b3]
V  [jvm.dll+0x19453a]
V  [jvm.dll+0x195df6]
V  [jvm.dll+0x198bd2]
V  [jvm.dll+0x153873]
V  [jvm.dll+0x1530b8]
V  [jvm.dll+0x153304]
V  [jvm.dll+0x152736]
V  [jvm.dll+0x15450d]
V  [jvm.dll+0x25695a]
V  [jvm.dll+0x254efa]
V  [jvm.dll+0x3f03f6]
V  [jvm.dll+0x851f6b]
V  [jvm.dll+0x6cc7dd]
C  [ucrtbase.dll+0x21bb2]
C  [KERNEL32.DLL+0x17374]
C  [ntdll.dll+0x4cc91]


---------------  P R O C E S S  ---------------

Threads class SMR info:
_java_thread_list=0x00000210f79942c0, length=27, elements={
0x000002109c485c70, 0x00000210b076b070, 0x00000210b076c8d0, 0x00000210b076f9d0,
0x00000210b07727f0, 0x00000210b0773500, 0x00000210b0774f60, 0x00000210b0775d90,
0x00000210b07a4840, 0x000002109c4f2c80, 0x00000210f622c840, 0x00000210f68fd170,
0x00000210b0868fb0, 0x00000210f623a0a0, 0x00000210b0800380, 0x00000210f6679c00,
0x00000210b085cb00, 0x00000210f6951140, 0x00000210f72dfcf0, 0x00000210f72e0380,
0x00000210f72df660, 0x00000210f72e0a10, 0x00000210f72e10a0, 0x00000210f72de2b0,
0x00000210f72ddc20, 0x00000210f72de940, 0x00000210f72defd0
}

Java Threads: ( => current thread )
  0x000002109c485c70 JavaThread "main"                              [_thread_blocked, id=15332, stack(0x000000cd05f00000,0x000000cd06000000) (1024K)]
  0x00000210b076b070 JavaThread "Reference Handler"          daemon [_thread_blocked, id=896, stack(0x000000cd06300000,0x000000cd06400000) (1024K)]
  0x00000210b076c8d0 JavaThread "Finalizer"                  daemon [_thread_blocked, id=14448, stack(0x000000cd06400000,0x000000cd06500000) (1024K)]
  0x00000210b076f9d0 JavaThread "Signal Dispatcher"          daemon [_thread_blocked, id=10424, stack(0x000000cd06500000,0x000000cd06600000) (1024K)]
  0x00000210b07727f0 JavaThread "Attach Listener"            daemon [_thread_blocked, id=17132, stack(0x000000cd06600000,0x000000cd06700000) (1024K)]
  0x00000210b0773500 JavaThread "Service Thread"             daemon [_thread_blocked, id=17292, stack(0x000000cd06700000,0x000000cd06800000) (1024K)]
  0x00000210b0774f60 JavaThread "Monitor Deflation Thread"   daemon [_thread_blocked, id=18028, stack(0x000000cd06800000,0x000000cd06900000) (1024K)]
  0x00000210b0775d90 JavaThread "C2 CompilerThread0"         daemon [_thread_in_native, id=14096, stack(0x000000cd06900000,0x000000cd06a00000) (1024K)]
=>0x00000210b07a4840 JavaThread "C1 CompilerThread0"         daemon [_thread_in_native, id=17944, stack(0x000000cd06a00000,0x000000cd06b00000) (1024K)]
  0x000002109c4f2c80 JavaThread "Common-Cleaner"             daemon [_thread_blocked, id=15084, stack(0x000000cd06b00000,0x000000cd06c00000) (1024K)]
  0x00000210f622c840 JavaThread "Notification Thread"        daemon [_thread_blocked, id=14196, stack(0x000000cd06c00000,0x000000cd06d00000) (1024K)]
  0x00000210f68fd170 JavaThread "Active Thread: Equinox Container: 09e9845a-264d-431e-a21a-43a22b6a81c0"        [_thread_blocked, id=17808, stack(0x000000cd06e00000,0x000000cd06f00000) (1024K)]
  0x00000210b0868fb0 JavaThread "Framework Event Dispatcher: Equinox Container: 09e9845a-264d-431e-a21a-43a22b6a81c0" daemon [_thread_blocked, id=6092, stack(0x000000cd06f00000,0x000000cd07000000) (1024K)]
  0x00000210f623a0a0 JavaThread "Start Level: Equinox Container: 09e9845a-264d-431e-a21a-43a22b6a81c0" daemon [_thread_blocked, id=4052, stack(0x000000cd07000000,0x000000cd07100000) (1024K)]
  0x00000210b0800380 JavaThread "SCR Component Actor"        daemon [_thread_blocked, id=15992, stack(0x000000cd07100000,0x000000cd07200000) (1024K)]
  0x00000210f6679c00 JavaThread "Worker-JM"                         [_thread_blocked, id=16768, stack(0x000000cd05d00000,0x000000cd05e00000) (1024K)]
  0x00000210b085cb00 JavaThread "JNA Cleaner"                daemon [_thread_blocked, id=16632, stack(0x000000cd05e00000,0x000000cd05f00000) (1024K)]
  0x00000210f6951140 JavaThread "Worker-0"                          [_thread_blocked, id=13704, stack(0x000000cd07200000,0x000000cd07300000) (1024K)]
  0x00000210f72dfcf0 JavaThread "Thread-3"                   daemon [_thread_in_native, id=17372, stack(0x000000cd07500000,0x000000cd07600000) (1024K)]
  0x00000210f72e0380 JavaThread "Thread-4"                   daemon [_thread_in_native, id=11548, stack(0x000000cd07600000,0x000000cd07700000) (1024K)]
  0x00000210f72df660 JavaThread "Thread-5"                   daemon [_thread_in_native, id=16500, stack(0x000000cd07700000,0x000000cd07800000) (1024K)]
  0x00000210f72e0a10 JavaThread "pool-2-thread-1"                   [_thread_blocked, id=13736, stack(0x000000cd07800000,0x000000cd07900000) (1024K)]
  0x00000210f72e10a0 JavaThread "WorkspaceEventsHandler"            [_thread_blocked, id=14376, stack(0x000000cd07900000,0x000000cd07a00000) (1024K)]
  0x00000210f72de2b0 JavaThread "pool-1-thread-1"                   [_thread_blocked, id=10100, stack(0x000000cd07a00000,0x000000cd07b00000) (1024K)]
  0x00000210f72ddc20 JavaThread "Worker-3: Shutdown..."             [_thread_in_native, id=4216, stack(0x000000cd07c00000,0x000000cd07d00000) (1024K)]
  0x00000210f72de940 JavaThread "pool-3-thread-1"                   [_thread_blocked, id=15460, stack(0x000000cd05c00000,0x000000cd05d00000) (1024K)]
  0x00000210f72defd0 JavaThread "Worker-4"                          [_thread_blocked, id=6576, stack(0x000000cd07300000,0x000000cd07400000) (1024K)]
Total: 27

Other Threads:
  0x000002109c544ed0 VMThread "VM Thread"                           [id=5704, stack(0x000000cd06200000,0x000000cd06300000) (1024K)]
  0x000002109c4efe60 WatcherThread "VM Periodic Task Thread"        [id=6032, stack(0x000000cd06100000,0x000000cd06200000) (1024K)]
  0x000002109c4a4080 WorkerThread "GC Thread#0"                     [id=5336, stack(0x000000cd06000000,0x000000cd06100000) (1024K)]
  0x00000210f63b1cb0 WorkerThread "GC Thread#1"                     [id=18556, stack(0x000000cd06d00000,0x000000cd06e00000) (1024K)]
Total: 4

Threads with active compile tasks:
C2 CompilerThread0  245018 5187       4       java.lang.invoke.VarHandleGuards::guard_LII_V (135 bytes)
C1 CompilerThread0  245018 5189       3       java.io.DataOutputStream::incCount (20 bytes)
Total: 2

VM state: not at safepoint (normal execution)

VM Mutex/Monitor currently owned by a thread: None

Heap address: 0x00000000c0000000, size: 1024 MB, Compressed Oops mode: 32-bit

CDS archive(s) mapped at: [0x00000210b1000000-0x00000210b1ba0000-0x00000210b1ba0000), size 12189696, SharedBaseAddress: 0x00000210b1000000, ArchiveRelocationMode: 1.
Compressed class space mapped at: 0x00000210b2000000-0x00000210f2000000, reserved size: 1073741824
Narrow klass base: 0x00000210b1000000, Narrow klass shift: 0, Narrow klass range: 0x100000000

GC Precious Log:
 CardTable entry size: 512
 CPUs: 2 total, 2 available
 Memory: 4007M
 Large Page Support: Disabled
 NUMA Support: Disabled
 Compressed Oops: Enabled (32-bit)
 Alignments: Space 512K, Generation 512K, Heap 2M
 Heap Min Capacity: 100M
 Heap Initial Capacity: 100M
 Heap Max Capacity: 1G
 Pre-touch: Disabled
 Parallel Workers: 2

Heap:
 PSYoungGen      total 22528K, used 11827K [0x00000000eab00000, 0x00000000ec280000, 0x0000000100000000)
  eden space 21504K, 51% used [0x00000000eab00000,0x00000000eb5d01e0,0x00000000ec000000)
  from space 1024K, 73% used [0x00000000ec100000,0x00000000ec1bcc50,0x00000000ec200000)
  to   space 512K, 0% used [0x00000000ec200000,0x00000000ec200000,0x00000000ec280000)
 ParOldGen       total 68608K, used 29150K [0x00000000c0000000, 0x00000000c4300000, 0x00000000eab00000)
  object space 68608K, 42% used [0x00000000c0000000,0x00000000c1c77a78,0x00000000c4300000)
 Metaspace       used 40669K, committed 41664K, reserved 1114112K
  class space    used 3963K, committed 4416K, reserved 1048576K

Card table byte_map: [0x000002109be30000,0x000002109c040000] _byte_map_base: 0x000002109b830000

Marking Bits: (ParMarkBitMap*) 0x00007ffd2a6431f0
 Begin Bits: [0x00000210ae680000, 0x00000210af680000)
 End Bits:   [0x00000210af680000, 0x00000210b0680000)

Polling page: 0x000002109a2d0000

Metaspace:

Usage:
  Non-class:     35.85 MB used.
      Class:      3.87 MB used.
       Both:     39.72 MB used.

Virtual space:
  Non-class space:       64.00 MB reserved,      36.38 MB ( 57%) committed,  1 nodes.
      Class space:        1.00 GB reserved,       4.31 MB ( <1%) committed,  1 nodes.
             Both:        1.06 GB reserved,      40.69 MB (  4%) committed. 

Chunk freelists:
   Non-Class:  10.97 MB
       Class:  11.70 MB
        Both:  22.67 MB

MaxMetaspaceSize: unlimited
CompressedClassSpaceSize: 1.00 GB
Initial GC threshold: 21.00 MB
Current GC threshold: 58.38 MB
CDS: on
 - commit_granule_bytes: 65536.
 - commit_granule_words: 8192.
 - virtual_space_node_default_size: 8388608.
 - enlarge_chunks_in_place: 1.
 - use_allocation_guard: 0.


Internal statistics:

num_allocs_failed_limit: 6.
num_arena_births: 810.
num_arena_deaths: 28.
num_vsnodes_births: 2.
num_vsnodes_deaths: 0.
num_space_committed: 651.
num_space_uncommitted: 0.
num_chunks_returned_to_freelist: 39.
num_chunks_taken_from_freelist: 2494.
num_chunk_merges: 13.
num_chunk_splits: 1603.
num_chunks_enlarged: 1022.
num_inconsistent_stats: 0.

CodeHeap 'non-profiled nmethods': size=120064Kb used=2784Kb max_used=2784Kb free=117280Kb
 bounds [0x00000210a7140000, 0x00000210a7400000, 0x00000210ae680000]
CodeHeap 'profiled nmethods': size=120000Kb used=10300Kb max_used=10300Kb free=109699Kb
 bounds [0x000002109f680000, 0x00000210a0090000, 0x00000210a6bb0000]
CodeHeap 'non-nmethods': size=5696Kb used=1391Kb max_used=1450Kb free=4304Kb
 bounds [0x00000210a6bb0000, 0x00000210a6e20000, 0x00000210a7140000]
 total_blobs=5498 nmethods=4795 adapters=610
 compilation: enabled
              stopped_count=0, restarted_count=0
 full_count=0

Compilation events (20 events):
Event: 243.729 Thread 0x00000210b07a4840 5178       1       org.eclipse.core.internal.jobs.InternalJob::getRule (5 bytes)
Event: 243.729 Thread 0x00000210b07a4840 nmethod 5178 0x00000210a73f5a10 code [0x00000210a73f5ba0, 0x00000210a73f5c68]
Event: 243.931 Thread 0x00000210b0775d90 5179       4       jdk.internal.misc.Unsafe::weakCompareAndSetInt (11 bytes)
Event: 243.932 Thread 0x00000210b0775d90 nmethod 5179 0x00000210a73f5d10 code [0x00000210a73f5ea0, 0x00000210a73f5f38]
Event: 244.061 Thread 0x00000210b07a4840 5181       3       org.eclipse.core.runtime.ListenerList::<init> (43 bytes)
Event: 244.061 Thread 0x00000210b07a4840 nmethod 5181 0x00000210a008e210 code [0x00000210a008e3e0, 0x00000210a008e6f0]
Event: 244.066 Thread 0x00000210b07a4840 5182       3       org.eclipse.core.internal.registry.ConfigurationElementHandle::getName (8 bytes)
Event: 244.067 Thread 0x00000210b07a4840 nmethod 5182 0x00000210a008e810 code [0x00000210a008e9e0, 0x00000210a008ef50]
Event: 244.408 Thread 0x00000210b07a4840 5183       3       java.io.BufferedOutputStream::growIfNeeded (59 bytes)
Event: 244.409 Thread 0x00000210b07a4840 nmethod 5183 0x00000210a008f110 code [0x00000210a008f2c0, 0x00000210a008f568]
Event: 244.413 Thread 0x00000210b07a4840 5184   !   3       java.io.BufferedOutputStream::write (62 bytes)
Event: 244.414 Thread 0x00000210b07a4840 nmethod 5184 0x00000210a73f6310 code [0x00000210a73f65a0, 0x00000210a73f71f0]
Event: 244.414 Thread 0x00000210b07a4840 5185   !   3       org.eclipse.core.internal.localstore.SafeFileOutputStream::write (20 bytes)
Event: 244.415 Thread 0x00000210b07a4840 nmethod 5185 0x00000210a008f690 code [0x00000210a008f840, 0x00000210a008fa58]
Event: 244.415 Thread 0x00000210b07a4840 5186       3       java.io.BufferedOutputStream::implWrite (40 bytes)
Event: 244.415 Thread 0x00000210b07a4840 nmethod 5186 0x00000210a73f7690 code [0x00000210a73f7860, 0x00000210a73f7ba0]
Event: 244.416 Thread 0x00000210b0775d90 5187       4       java.lang.invoke.VarHandleGuards::guard_LII_V (135 bytes)
Event: 244.417 Thread 0x00000210b07a4840 5188       1       org.eclipse.core.internal.dtree.AbstractDataTreeNode::getName (5 bytes)
Event: 244.417 Thread 0x00000210b07a4840 nmethod 5188 0x00000210a73f7d10 code [0x00000210a73f7ea0, 0x00000210a73f7f68]
Event: 244.417 Thread 0x00000210b07a4840 5189       3       java.io.DataOutputStream::incCount (20 bytes)

GC Heap History (20 events):
Event: 110.312 GC heap before
{Heap before GC invocations=14 (full 1):
 PSYoungGen      total 23552K, used 23522K [0x00000000eab00000, 0x00000000eca80000, 0x0000000100000000)
  eden space 21504K, 100% used [0x00000000eab00000,0x00000000ec000000,0x00000000ec000000)
  from space 2048K, 98% used [0x00000000ec500000,0x00000000ec6f8810,0x00000000ec700000)
  to   space 5120K, 0% used [0x00000000ec000000,0x00000000ec000000,0x00000000ec500000)
 ParOldGen       total 68608K, used 18662K [0x00000000c0000000, 0x00000000c4300000, 0x00000000eab00000)
  object space 68608K, 27% used [0x00000000c0000000,0x00000000c1239b28,0x00000000c4300000)
 Metaspace       used 32166K, committed 33088K, reserved 1114112K
  class space    used 3160K, committed 3584K, reserved 1048576K
}
Event: 110.322 GC heap after
{Heap after GC invocations=14 (full 1):
 PSYoungGen      total 23552K, used 2016K [0x00000000eab00000, 0x00000000ec600000, 0x0000000100000000)
  eden space 21504K, 0% used [0x00000000eab00000,0x00000000eab00000,0x00000000ec000000)
  from space 2048K, 98% used [0x00000000ec000000,0x00000000ec1f8000,0x00000000ec200000)
  to   space 3072K, 0% used [0x00000000ec300000,0x00000000ec300000,0x00000000ec600000)
 ParOldGen       total 68608K, used 20621K [0x00000000c0000000, 0x00000000c4300000, 0x00000000eab00000)
  object space 68608K, 30% used [0x00000000c0000000,0x00000000c14234b0,0x00000000c4300000)
 Metaspace       used 32166K, committed 33088K, reserved 1114112K
  class space    used 3160K, committed 3584K, reserved 1048576K
}
Event: 110.596 GC heap before
{Heap before GC invocations=15 (full 1):
 PSYoungGen      total 23552K, used 23520K [0x00000000eab00000, 0x00000000ec600000, 0x0000000100000000)
  eden space 21504K, 100% used [0x00000000eab00000,0x00000000ec000000,0x00000000ec000000)
  from space 2048K, 98% used [0x00000000ec000000,0x00000000ec1f8000,0x00000000ec200000)
  to   space 3072K, 0% used [0x00000000ec300000,0x00000000ec300000,0x00000000ec600000)
 ParOldGen       total 68608K, used 20621K [0x00000000c0000000, 0x00000000c4300000, 0x00000000eab00000)
  object space 68608K, 30% used [0x00000000c0000000,0x00000000c14234b0,0x00000000c4300000)
 Metaspace       used 32173K, committed 33088K, reserved 1114112K
  class space    used 3160K, committed 3584K, reserved 1048576K
}
Event: 110.608 GC heap after
{Heap after GC invocations=15 (full 1):
 PSYoungGen      total 24064K, used 2052K [0x00000000eab00000, 0x00000000ec580000, 0x0000000100000000)
  eden space 21504K, 0% used [0x00000000eab00000,0x00000000eab00000,0x00000000ec000000)
  from space 2560K, 80% used [0x00000000ec300000,0x00000000ec501000,0x00000000ec580000)
  to   space 2560K, 0% used [0x00000000ec080000,0x00000000ec080000,0x00000000ec300000)
 ParOldGen       total 68608K, used 22547K [0x00000000c0000000, 0x00000000c4300000, 0x00000000eab00000)
  object space 68608K, 32% used [0x00000000c0000000,0x00000000c1604e58,0x00000000c4300000)
 Metaspace       used 32173K, committed 33088K, reserved 1114112K
  class space    used 3160K, committed 3584K, reserved 1048576K
}
Event: 111.108 GC heap before
{Heap before GC invocations=16 (full 1):
 PSYoungGen      total 24064K, used 23556K [0x00000000eab00000, 0x00000000ec580000, 0x0000000100000000)
  eden space 21504K, 100% used [0x00000000eab00000,0x00000000ec000000,0x00000000ec000000)
  from space 2560K, 80% used [0x00000000ec300000,0x00000000ec501000,0x00000000ec580000)
  to   space 2560K, 0% used [0x00000000ec080000,0x00000000ec080000,0x00000000ec300000)
 ParOldGen       total 68608K, used 22547K [0x00000000c0000000, 0x00000000c4300000, 0x00000000eab00000)
  object space 68608K, 32% used [0x00000000c0000000,0x00000000c1604e58,0x00000000c4300000)
 Metaspace       used 32301K, committed 33216K, reserved 1114112K
  class space    used 3163K, committed 3584K, reserved 1048576K
}
Event: 111.118 GC heap after
{Heap after GC invocations=16 (full 1):
 PSYoungGen      total 24064K, used 2144K [0x00000000eab00000, 0x00000000ec500000, 0x0000000100000000)
  eden space 21504K, 0% used [0x00000000eab00000,0x00000000eab00000,0x00000000ec000000)
  from space 2560K, 83% used [0x00000000ec080000,0x00000000ec298010,0x00000000ec300000)
  to   space 2048K, 0% used [0x00000000ec300000,0x00000000ec300000,0x00000000ec500000)
 ParOldGen       total 68608K, used 24529K [0x00000000c0000000, 0x00000000c4300000, 0x00000000eab00000)
  object space 68608K, 35% used [0x00000000c0000000,0x00000000c17f4670,0x00000000c4300000)
 Metaspace       used 32301K, committed 33216K, reserved 1114112K
  class space    used 3163K, committed 3584K, reserved 1048576K
}
Event: 111.362 GC heap before
{Heap before GC invocations=17 (full 1):
 PSYoungGen      total 24064K, used 23648K [0x00000000eab00000, 0x00000000ec500000, 0x0000000100000000)
  eden space 21504K, 100% used [0x00000000eab00000,0x00000000ec000000,0x00000000ec000000)
  from space 2560K, 83% used [0x00000000ec080000,0x00000000ec298010,0x00000000ec300000)
  to   space 2048K, 0% used [0x00000000ec300000,0x00000000ec300000,0x00000000ec500000)
 ParOldGen       total 68608K, used 24529K [0x00000000c0000000, 0x00000000c4300000, 0x00000000eab00000)
  object space 68608K, 35% used [0x00000000c0000000,0x00000000c17f4670,0x00000000c4300000)
 Metaspace       used 32394K, committed 33344K, reserved 1114112K
  class space    used 3164K, committed 3584K, reserved 1048576K
}
Event: 111.370 GC heap after
{Heap after GC invocations=17 (full 1):
 PSYoungGen      total 23552K, used 1848K [0x00000000eab00000, 0x00000000ec500000, 0x0000000100000000)
  eden space 21504K, 0% used [0x00000000eab00000,0x00000000eab00000,0x00000000ec000000)
  from space 2048K, 90% used [0x00000000ec300000,0x00000000ec4ce200,0x00000000ec500000)
  to   space 2048K, 0% used [0x00000000ec100000,0x00000000ec100000,0x00000000ec300000)
 ParOldGen       total 68608K, used 26647K [0x00000000c0000000, 0x00000000c4300000, 0x00000000eab00000)
  object space 68608K, 38% used [0x00000000c0000000,0x00000000c1a05d98,0x00000000c4300000)
 Metaspace       used 32394K, committed 33344K, reserved 1114112K
  class space    used 3164K, committed 3584K, reserved 1048576K
}
Event: 115.495 GC heap before
{Heap before GC invocations=18 (full 1):
 PSYoungGen      total 23552K, used 23352K [0x00000000eab00000, 0x00000000ec500000, 0x0000000100000000)
  eden space 21504K, 100% used [0x00000000eab00000,0x00000000ec000000,0x00000000ec000000)
  from space 2048K, 90% used [0x00000000ec300000,0x00000000ec4ce200,0x00000000ec500000)
  to   space 2048K, 0% used [0x00000000ec100000,0x00000000ec100000,0x00000000ec300000)
 ParOldGen       total 68608K, used 26647K [0x00000000c0000000, 0x00000000c4300000, 0x00000000eab00000)
  object space 68608K, 38% used [0x00000000c0000000,0x00000000c1a05d98,0x00000000c4300000)
 Metaspace       used 34250K, committed 35200K, reserved 1114112K
  class space    used 3400K, committed 3840K, reserved 1048576K
}
Event: 115.502 GC heap after
{Heap after GC invocations=18 (full 1):
 PSYoungGen      total 23040K, used 1108K [0x00000000eab00000, 0x00000000ec380000, 0x0000000100000000)
  eden space 21504K, 0% used [0x00000000eab00000,0x00000000eab00000,0x00000000ec000000)
  from space 1536K, 72% used [0x00000000ec100000,0x00000000ec2153c8,0x00000000ec280000)
  to   space 1024K, 0% used [0x00000000ec280000,0x00000000ec280000,0x00000000ec380000)
 ParOldGen       total 68608K, used 28471K [0x00000000c0000000, 0x00000000c4300000, 0x00000000eab00000)
  object space 68608K, 41% used [0x00000000c0000000,0x00000000c1bcdf98,0x00000000c4300000)
 Metaspace       used 34250K, committed 35200K, reserved 1114112K
  class space    used 3400K, committed 3840K, reserved 1048576K
}
Event: 120.329 GC heap before
{Heap before GC invocations=19 (full 1):
 PSYoungGen      total 23040K, used 17289K [0x00000000eab00000, 0x00000000ec380000, 0x0000000100000000)
  eden space 21504K, 75% used [0x00000000eab00000,0x00000000ebacd408,0x00000000ec000000)
  from space 1536K, 72% used [0x00000000ec100000,0x00000000ec2153c8,0x00000000ec280000)
  to   space 1024K, 0% used [0x00000000ec280000,0x00000000ec280000,0x00000000ec380000)
 ParOldGen       total 68608K, used 28471K [0x00000000c0000000, 0x00000000c4300000, 0x00000000eab00000)
  object space 68608K, 41% used [0x00000000c0000000,0x00000000c1bcdf98,0x00000000c4300000)
 Metaspace       used 34956K, committed 35840K, reserved 1114112K
  class space    used 3488K, committed 3904K, reserved 1048576K
}
Event: 120.334 GC heap after
{Heap after GC invocations=19 (full 1):
 PSYoungGen      total 22016K, used 320K [0x00000000eab00000, 0x00000000ec300000, 0x0000000100000000)
  eden space 21504K, 0% used [0x00000000eab00000,0x00000000eab00000,0x00000000ec000000)
  from space 512K, 62% used [0x00000000ec280000,0x00000000ec2d0010,0x00000000ec300000)
  to   space 1024K, 0% used [0x00000000ec100000,0x00000000ec100000,0x00000000ec200000)
 ParOldGen       total 68608K, used 29532K [0x00000000c0000000, 0x00000000c4300000, 0x00000000eab00000)
  object space 68608K, 43% used [0x00000000c0000000,0x00000000c1cd7168,0x00000000c4300000)
 Metaspace       used 34956K, committed 35840K, reserved 1114112K
  class space    used 3488K, committed 3904K, reserved 1048576K
}
Event: 120.334 GC heap before
{Heap before GC invocations=20 (full 2):
 PSYoungGen      total 22016K, used 320K [0x00000000eab00000, 0x00000000ec300000, 0x0000000100000000)
  eden space 21504K, 0% used [0x00000000eab00000,0x00000000eab00000,0x00000000ec000000)
  from space 512K, 62% used [0x00000000ec280000,0x00000000ec2d0010,0x00000000ec300000)
  to   space 1024K, 0% used [0x00000000ec100000,0x00000000ec100000,0x00000000ec200000)
 ParOldGen       total 68608K, used 29532K [0x00000000c0000000, 0x00000000c4300000, 0x00000000eab00000)
  object space 68608K, 43% used [0x00000000c0000000,0x00000000c1cd7168,0x00000000c4300000)
 Metaspace       used 34956K, committed 35840K, reserved 1114112K
  class space    used 3488K, committed 3904K, reserved 1048576K
}
Event: 120.552 GC heap after
{Heap after GC invocations=20 (full 2):
 PSYoungGen      total 22016K, used 0K [0x00000000eab00000, 0x00000000ec300000, 0x0000000100000000)
  eden space 21504K, 0% used [0x00000000eab00000,0x00000000eab00000,0x00000000ec000000)
  from space 512K, 0% used [0x00000000ec280000,0x00000000ec280000,0x00000000ec300000)
  to   space 1024K, 0% used [0x00000000ec100000,0x00000000ec100000,0x00000000ec200000)
 ParOldGen       total 68608K, used 28223K [0x00000000c0000000, 0x00000000c4300000, 0x00000000eab00000)
  object space 68608K, 41% used [0x00000000c0000000,0x00000000c1b8fd48,0x00000000c4300000)
 Metaspace       used 34943K, committed 35840K, reserved 1114112K
  class space    used 3484K, committed 3904K, reserved 1048576K
}
Event: 126.384 GC heap before
{Heap before GC invocations=21 (full 2):
 PSYoungGen      total 22016K, used 21504K [0x00000000eab00000, 0x00000000ec300000, 0x0000000100000000)
  eden space 21504K, 100% used [0x00000000eab00000,0x00000000ec000000,0x00000000ec000000)
  from space 512K, 0% used [0x00000000ec280000,0x00000000ec280000,0x00000000ec300000)
  to   space 1024K, 0% used [0x00000000ec100000,0x00000000ec100000,0x00000000ec200000)
 ParOldGen       total 68608K, used 28223K [0x00000000c0000000, 0x00000000c4300000, 0x00000000eab00000)
  object space 68608K, 41% used [0x00000000c0000000,0x00000000c1b8fd48,0x00000000c4300000)
 Metaspace       used 36003K, committed 36864K, reserved 1114112K
  class space    used 3579K, committed 3968K, reserved 1048576K
}
Event: 126.387 GC heap after
{Heap after GC invocations=21 (full 2):
 PSYoungGen      total 22528K, used 1008K [0x00000000eab00000, 0x00000000ec300000, 0x0000000100000000)
  eden space 21504K, 0% used [0x00000000eab00000,0x00000000eab00000,0x00000000ec000000)
  from space 1024K, 98% used [0x00000000ec100000,0x00000000ec1fc3f0,0x00000000ec200000)
  to   space 1024K, 0% used [0x00000000ec200000,0x00000000ec200000,0x00000000ec300000)
 ParOldGen       total 68608K, used 28444K [0x00000000c0000000, 0x00000000c4300000, 0x00000000eab00000)
  object space 68608K, 41% used [0x00000000c0000000,0x00000000c1bc7178,0x00000000c4300000)
 Metaspace       used 36003K, committed 36864K, reserved 1114112K
  class space    used 3579K, committed 3968K, reserved 1048576K
}
Event: 127.354 GC heap before
{Heap before GC invocations=22 (full 2):
 PSYoungGen      total 22528K, used 22512K [0x00000000eab00000, 0x00000000ec300000, 0x0000000100000000)
  eden space 21504K, 100% used [0x00000000eab00000,0x00000000ec000000,0x00000000ec000000)
  from space 1024K, 98% used [0x00000000ec100000,0x00000000ec1fc3f0,0x00000000ec200000)
  to   space 1024K, 0% used [0x00000000ec200000,0x00000000ec200000,0x00000000ec300000)
 ParOldGen       total 68608K, used 28444K [0x00000000c0000000, 0x00000000c4300000, 0x00000000eab00000)
  object space 68608K, 41% used [0x00000000c0000000,0x00000000c1bc7178,0x00000000c4300000)
 Metaspace       used 36016K, committed 36864K, reserved 1114112K
  class space    used 3579K, committed 3968K, reserved 1048576K
}
Event: 127.357 GC heap after
{Heap after GC invocations=22 (full 2):
 PSYoungGen      total 22528K, used 585K [0x00000000eab00000, 0x00000000ec300000, 0x0000000100000000)
  eden space 21504K, 0% used [0x00000000eab00000,0x00000000eab00000,0x00000000ec000000)
  from space 1024K, 57% used [0x00000000ec200000,0x00000000ec292548,0x00000000ec300000)
  to   space 1024K, 0% used [0x00000000ec100000,0x00000000ec100000,0x00000000ec200000)
 ParOldGen       total 68608K, used 29129K [0x00000000c0000000, 0x00000000c4300000, 0x00000000eab00000)
  object space 68608K, 42% used [0x00000000c0000000,0x00000000c1c724b8,0x00000000c4300000)
 Metaspace       used 36016K, committed 36864K, reserved 1114112K
  class space    used 3579K, committed 3968K, reserved 1048576K
}
Event: 133.590 GC heap before
{Heap before GC invocations=23 (full 2):
 PSYoungGen      total 22528K, used 22077K [0x00000000eab00000, 0x00000000ec300000, 0x0000000100000000)
  eden space 21504K, 99% used [0x00000000eab00000,0x00000000ebffcf38,0x00000000ec000000)
  from space 1024K, 57% used [0x00000000ec200000,0x00000000ec292548,0x00000000ec300000)
  to   space 1024K, 0% used [0x00000000ec100000,0x00000000ec100000,0x00000000ec200000)
 ParOldGen       total 68608K, used 29142K [0x00000000c0000000, 0x00000000c4300000, 0x00000000eab00000)
  object space 68608K, 42% used [0x00000000c0000000,0x00000000c1c75a78,0x00000000c4300000)
 Metaspace       used 39252K, committed 40192K, reserved 1114112K
  class space    used 3827K, committed 4288K, reserved 1048576K
}
Event: 133.592 GC heap after
{Heap after GC invocations=23 (full 2):
 PSYoungGen      total 22528K, used 755K [0x00000000eab00000, 0x00000000ec280000, 0x0000000100000000)
  eden space 21504K, 0% used [0x00000000eab00000,0x00000000eab00000,0x00000000ec000000)
  from space 1024K, 73% used [0x00000000ec100000,0x00000000ec1bcc50,0x00000000ec200000)
  to   space 512K, 0% used [0x00000000ec200000,0x00000000ec200000,0x00000000ec280000)
 ParOldGen       total 68608K, used 29150K [0x00000000c0000000, 0x00000000c4300000, 0x00000000eab00000)
  object space 68608K, 42% used [0x00000000c0000000,0x00000000c1c77a78,0x00000000c4300000)
 Metaspace       used 39252K, committed 40192K, reserved 1114112K
  class space    used 3827K, committed 4288K, reserved 1048576K
}

Dll operation events (10 events):
Event: 21.824 Loaded shared library c:\Users\Babaloo\.vscode\extensions\redhat.java-1.42.0-win32-x64\jre\21.0.7-win32-x86_64\bin\java.dll
Event: 24.011 Loaded shared library c:\Users\Babaloo\.vscode\extensions\redhat.java-1.42.0-win32-x64\jre\21.0.7-win32-x86_64\bin\zip.dll
Event: 24.394 Loaded shared library C:\Users\Babaloo\.vscode\extensions\redhat.java-1.42.0-win32-x64\jre\21.0.7-win32-x86_64\bin\instrument.dll
Event: 24.779 Loaded shared library C:\Users\Babaloo\.vscode\extensions\redhat.java-1.42.0-win32-x64\jre\21.0.7-win32-x86_64\bin\net.dll
Event: 24.946 Loaded shared library C:\Users\Babaloo\.vscode\extensions\redhat.java-1.42.0-win32-x64\jre\21.0.7-win32-x86_64\bin\nio.dll
Event: 24.974 Loaded shared library C:\Users\Babaloo\.vscode\extensions\redhat.java-1.42.0-win32-x64\jre\21.0.7-win32-x86_64\bin\zip.dll
Event: 25.168 Loaded shared library C:\Users\Babaloo\.vscode\extensions\redhat.java-1.42.0-win32-x64\jre\21.0.7-win32-x86_64\bin\jimage.dll
Event: 26.454 Loaded shared library c:\Users\Babaloo\.vscode\extensions\redhat.java-1.42.0-win32-x64\jre\21.0.7-win32-x86_64\bin\verify.dll
Event: 54.841 Loaded shared library C:\Users\Babaloo\AppData\Roaming\Code\User\globalStorage\redhat.java\1.42.0\config_ss_win\org.eclipse.equinox.launcher\org.eclipse.equinox.launcher.win32.win32.x86_64_1.2.1300.v20250331-1702\eclipse_11911.dll
Event: 73.938 Loaded shared library C:\Users\Babaloo\AppData\Local\Temp\jna-1316230574\jna5467992282647253316.dll

Deoptimization events (20 events):
Event: 240.346 Thread 0x00000210f72ddc20 Uncommon trap: trap_request=0xffffffde fr.pc=0x00000210a73205d4 relative=0x0000000000000674
Event: 240.346 Thread 0x00000210f72ddc20 Uncommon trap: reason=class_check action=maybe_recompile pc=0x00000210a73205d4 method=java.util.Spliterators$1Adapter.hasNext()Z @ 12 c2
Event: 240.346 Thread 0x00000210f72ddc20 DEOPT PACKING pc=0x00000210a73205d4 sp=0x000000cd07cfeb80
Event: 240.346 Thread 0x00000210f72ddc20 DEOPT UNPACKING pc=0x00000210a6c03a9c sp=0x000000cd07cfeb38 mode 2
Event: 240.346 Thread 0x00000210f72ddc20 Uncommon trap: trap_request=0xffffffde fr.pc=0x00000210a73205d4 relative=0x0000000000000674
Event: 240.346 Thread 0x00000210f72ddc20 Uncommon trap: reason=class_check action=maybe_recompile pc=0x00000210a73205d4 method=java.util.Spliterators$1Adapter.hasNext()Z @ 12 c2
Event: 240.346 Thread 0x00000210f72ddc20 DEOPT PACKING pc=0x00000210a73205d4 sp=0x000000cd07cfeb90
Event: 240.346 Thread 0x00000210f72ddc20 DEOPT UNPACKING pc=0x00000210a6c03a9c sp=0x000000cd07cfeb48 mode 2
Event: 240.346 Thread 0x00000210f72ddc20 Uncommon trap: trap_request=0xffffffde fr.pc=0x00000210a73205d4 relative=0x0000000000000674
Event: 240.346 Thread 0x00000210f72ddc20 Uncommon trap: reason=class_check action=maybe_recompile pc=0x00000210a73205d4 method=java.util.Spliterators$1Adapter.hasNext()Z @ 12 c2
Event: 240.346 Thread 0x00000210f72ddc20 DEOPT PACKING pc=0x00000210a73205d4 sp=0x000000cd07cfeb90
Event: 240.346 Thread 0x00000210f72ddc20 DEOPT UNPACKING pc=0x00000210a6c03a9c sp=0x000000cd07cfeb48 mode 2
Event: 244.413 Thread 0x00000210f72ddc20 Uncommon trap: trap_request=0xffffffde fr.pc=0x00000210a71e07cc relative=0x000000000000098c
Event: 244.413 Thread 0x00000210f72ddc20 Uncommon trap: reason=class_check action=maybe_recompile pc=0x00000210a71e07cc method=java.util.HashMap.computeIfAbsent(Ljava/lang/Object;Ljava/util/function/Function;)Ljava/lang/Object; @ 188 c2
Event: 244.413 Thread 0x00000210f72ddc20 DEOPT PACKING pc=0x00000210a71e07cc sp=0x000000cd07cff180
Event: 244.413 Thread 0x00000210f72ddc20 DEOPT UNPACKING pc=0x00000210a6c03a9c sp=0x000000cd07cff128 mode 2
Event: 244.413 Thread 0x00000210f72ddc20 Uncommon trap: trap_request=0xffffffde fr.pc=0x00000210a71e07cc relative=0x000000000000098c
Event: 244.413 Thread 0x00000210f72ddc20 Uncommon trap: reason=class_check action=maybe_recompile pc=0x00000210a71e07cc method=java.util.HashMap.computeIfAbsent(Ljava/lang/Object;Ljava/util/function/Function;)Ljava/lang/Object; @ 188 c2
Event: 244.413 Thread 0x00000210f72ddc20 DEOPT PACKING pc=0x00000210a71e07cc sp=0x000000cd07cff180
Event: 244.413 Thread 0x00000210f72ddc20 DEOPT UNPACKING pc=0x00000210a6c03a9c sp=0x000000cd07cff128 mode 2

Classes loaded (20 events):
Event: 241.689 Loading class java/util/concurrent/Executors$DelegatedExecutorService done
Event: 241.690 Loading class java/util/concurrent/Executors$DelegatedScheduledExecutorService done
Event: 243.160 Loading class java/util/concurrent/ConcurrentHashMap$EntrySpliterator
Event: 243.174 Loading class java/util/concurrent/ConcurrentHashMap$EntrySpliterator done
Event: 243.838 Loading class java/util/concurrent/ForkJoinTask$AdaptedCallable
Event: 243.850 Loading class java/util/concurrent/ForkJoinTask$AdaptedCallable done
Event: 243.856 Loading class java/util/stream/Nodes$CollectorTask$OfRef
Event: 243.890 Loading class java/util/stream/Nodes$CollectorTask
Event: 243.908 Loading class java/util/stream/Nodes$CollectorTask done
Event: 243.908 Loading class java/util/stream/Nodes$CollectorTask$OfRef done
Event: 243.908 Loading class java/util/function/LongFunction
Event: 243.917 Loading class java/util/function/LongFunction done
Event: 243.917 Loading class java/util/stream/Nodes$ConcNode
Event: 243.917 Loading class java/util/stream/Nodes$AbstractConcNode
Event: 243.922 Loading class java/util/stream/Nodes$AbstractConcNode done
Event: 243.922 Loading class java/util/stream/Nodes$ConcNode done
Event: 243.923 Loading class java/util/stream/Nodes$ToArrayTask$OfRef
Event: 243.931 Loading class java/util/stream/Nodes$ToArrayTask
Event: 243.931 Loading class java/util/stream/Nodes$ToArrayTask done
Event: 243.931 Loading class java/util/stream/Nodes$ToArrayTask$OfRef done

Classes unloaded (14 events):
Event: 80.579 Thread 0x000002109c544ed0 Unloading class 0x00000210b218ec00 'java/lang/invoke/LambdaForm$MH+0x00000210b218ec00'
Event: 80.579 Thread 0x000002109c544ed0 Unloading class 0x00000210b218e800 'java/lang/invoke/LambdaForm$MH+0x00000210b218e800'
Event: 80.580 Thread 0x000002109c544ed0 Unloading class 0x00000210b218e400 'java/lang/invoke/LambdaForm$MH+0x00000210b218e400'
Event: 80.580 Thread 0x000002109c544ed0 Unloading class 0x00000210b218e000 'java/lang/invoke/LambdaForm$MH+0x00000210b218e000'
Event: 80.580 Thread 0x000002109c544ed0 Unloading class 0x00000210b218dc00 'java/lang/invoke/LambdaForm$BMH+0x00000210b218dc00'
Event: 80.580 Thread 0x000002109c544ed0 Unloading class 0x00000210b218d800 'java/lang/invoke/LambdaForm$DMH+0x00000210b218d800'
Event: 80.580 Thread 0x000002109c544ed0 Unloading class 0x00000210b218c400 'java/lang/invoke/LambdaForm$DMH+0x00000210b218c400'
Event: 120.395 Thread 0x000002109c544ed0 Unloading class 0x00000210b2373c00 'java/lang/invoke/LambdaForm$MH+0x00000210b2373c00'
Event: 120.395 Thread 0x000002109c544ed0 Unloading class 0x00000210b2373000 'java/lang/invoke/LambdaForm$MH+0x00000210b2373000'
Event: 120.395 Thread 0x000002109c544ed0 Unloading class 0x00000210b2372c00 'java/lang/invoke/LambdaForm$MH+0x00000210b2372c00'
Event: 120.395 Thread 0x000002109c544ed0 Unloading class 0x00000210b2372000 'java/lang/invoke/LambdaForm$MH+0x00000210b2372000'
Event: 120.395 Thread 0x000002109c544ed0 Unloading class 0x00000210b2371c00 'java/lang/invoke/LambdaForm$MH+0x00000210b2371c00'
Event: 120.395 Thread 0x000002109c544ed0 Unloading class 0x00000210b2371400 'java/lang/invoke/LambdaForm$DMH+0x00000210b2371400'
Event: 120.395 Thread 0x000002109c544ed0 Unloading class 0x00000210b2368c00 'java/lang/invoke/LambdaForm$MH+0x00000210b2368c00'

Classes redefined (0 events):
No events

Internal exceptions (20 events):
Event: 109.639 Thread 0x00000210f72defd0 Exception <a 'java/lang/NoSuchMethodError'{0x00000000eae66888}: 'int java.lang.invoke.Invokers$Holder.linkToTargetMethod(java.lang.Object, java.lang.Object, java.lang.Object)'> (0x00000000eae66888) 
thrown [s\src\hotspot\share\interpreter\linkResolver.cpp, line 773]
Event: 109.639 Thread 0x00000210f72de2b0 Exception <a 'java/lang/NoSuchMethodError'{0x00000000eae52298}: 'int java.lang.invoke.Invokers$Holder.linkToTargetMethod(java.lang.Object, java.lang.Object, java.lang.Object)'> (0x00000000eae52298) 
thrown [s\src\hotspot\share\interpreter\linkResolver.cpp, line 773]
Event: 113.712 Thread 0x00000210f72defd0 Exception <a 'java/lang/LinkageError'{0x00000000ebc5d260}: loader lombok.launch.ShadowClassLoader @511da173 attempted duplicate class definition for lombok.launch.PatchFixesHider$Transform. (lombok.launch.PatchFixesHider$Transform is in unnamed module of loader lombok.launch.ShadowClassLoader @511da173, parent loader org.eclipse.osgi.internal.loader.EquinoxClassLoader @56665cf1)> (0x00000000ebc5d260) 
thrown [s\src\hotspot\share\classfile\systemDictionary.cpp, line 1682]
Event: 122.444 Thread 0x00000210f72de2b0 Implicit null exception at 0x00000210a7399d20 to 0x00000210a739a89c
Event: 125.743 Thread 0x00000210f72defd0 Exception <a 'java/lang/LinkageError'{0x00000000eb631aa8}: loader lombok.launch.ShadowClassLoader @511da173 attempted duplicate class definition for lombok.launch.PatchFixesHider$ValPortal. (lombok.launch.PatchFixesHider$ValPortal is in unnamed module of loader lombok.launch.ShadowClassLoader @511da173, parent loader org.eclipse.osgi.internal.loader.EquinoxClassLoader @56665cf1)> (0x00000000eb631aa8) 
thrown [s\src\hotspot\share\classfile\systemDictionary.cpp, line 1682]
Event: 125.745 Thread 0x00000210f69f2010 Exception <a 'java/lang/LinkageError'{0x00000000eb535170}: loader lombok.launch.ShadowClassLoader @511da173 attempted duplicate class definition for lombok.launch.PatchFixesHider$ValPortal. (lombok.launch.PatchFixesHider$ValPortal is in unnamed module of loader lombok.launch.ShadowClassLoader @511da173, parent loader org.eclipse.osgi.internal.loader.EquinoxClassLoader @56665cf1)> (0x00000000eb535170) 
thrown [s\src\hotspot\share\classfile\systemDictionary.cpp, line 1682]
Event: 130.832 Thread 0x00000210f69f2010 Exception <a 'java/lang/NoSuchMethodError'{0x00000000eb6b2e88}: 'java.lang.Object java.lang.invoke.DirectMethodHandle$Holder.invokeSpecial(java.lang.Object, java.lang.Object, java.lang.Object, java.lang.Object, int, java.lang.Object, java.lang.Object)'> (0x00000000eb6b2e88) 
thrown [s\src\hotspot\share\interpreter\linkResolver.cpp, line 773]
Event: 132.621 Thread 0x00000210f72de2b0 Exception <a 'java/lang/IncompatibleClassChangeError'{0x00000000ebd0f190}: Found class java.lang.Object, but interface was expected> (0x00000000ebd0f190) 
thrown [s\src\hotspot\share\interpreter\linkResolver.cpp, line 840]
Event: 132.628 Thread 0x00000210f72de2b0 Exception <a 'java/lang/IncompatibleClassChangeError'{0x00000000ebd2a5e8}: Found class java.lang.Object, but interface was expected> (0x00000000ebd2a5e8) 
thrown [s\src\hotspot\share\interpreter\linkResolver.cpp, line 840]
Event: 132.783 Thread 0x00000210f6951140 Exception <a 'java/lang/NoSuchMethodError'{0x00000000ebddad28}: 'java.lang.Object java.lang.invoke.DirectMethodHandle$Holder.invokeSpecial(java.lang.Object, java.lang.Object, int, long)'> (0x00000000ebddad28) 
thrown [s\src\hotspot\share\interpreter\linkResolver.cpp, line 773]
Event: 133.634 Thread 0x00000210f72defd0 Exception <a 'java/lang/NoSuchMethodError'{0x00000000eaba5390}: 'int java.lang.invoke.Invokers$Holder.invokeExact_MT(java.lang.Object, java.lang.Object)'> (0x00000000eaba5390) 
thrown [s\src\hotspot\share\interpreter\linkResolver.cpp, line 773]
Event: 134.157 Thread 0x00000210f72defd0 Exception <a 'java/lang/NoSuchMethodError'{0x00000000eae0ce00}: 'int java.lang.invoke.DirectMethodHandle$Holder.invokeInterface(java.lang.Object, java.lang.Object)'> (0x00000000eae0ce00) 
thrown [s\src\hotspot\share\interpreter\linkResolver.cpp, line 773]
Event: 134.157 Thread 0x00000210f72defd0 Exception <a 'java/lang/IncompatibleClassChangeError'{0x00000000eae137a0}: Found class java.lang.Object, but interface was expected> (0x00000000eae137a0) 
thrown [s\src\hotspot\share\interpreter\linkResolver.cpp, line 840]
Event: 134.771 Thread 0x00000210f6951140 Exception <a 'java/io/FileNotFoundException'{0x00000000eb0b52f8}> (0x00000000eb0b52f8) 
thrown [s\src\hotspot\share\prims\jni.cpp, line 520]
Event: 134.771 Thread 0x00000210f6951140 Exception <a 'java/io/FileNotFoundException'{0x00000000eb0b6098}> (0x00000000eb0b6098) 
thrown [s\src\hotspot\share\prims\jni.cpp, line 520]
Event: 134.787 Thread 0x00000210f6951140 Exception <a 'java/io/FileNotFoundException'{0x00000000eb0b75e0}> (0x00000000eb0b75e0) 
thrown [s\src\hotspot\share\prims\jni.cpp, line 520]
Event: 134.788 Thread 0x00000210f6951140 Exception <a 'java/io/FileNotFoundException'{0x00000000eb0b8628}> (0x00000000eb0b8628) 
thrown [s\src\hotspot\share\prims\jni.cpp, line 520]
Event: 134.788 Thread 0x00000210f6951140 Exception <a 'java/io/FileNotFoundException'{0x00000000eb0b93e8}> (0x00000000eb0b93e8) 
thrown [s\src\hotspot\share\prims\jni.cpp, line 520]
Event: 240.759 Thread 0x00000210f72de2b0 Exception <a 'java/lang/NoSuchMethodError'{0x00000000eb4278a8}: 'void java.lang.invoke.DirectMethodHandle$Holder.invokeInterface(java.lang.Object, java.lang.Object)'> (0x00000000eb4278a8) 
thrown [s\src\hotspot\share\interpreter\linkResolver.cpp, line 773]
Event: 244.066 Thread 0x00000210f72ddc20 Exception <a 'java/io/FileNotFoundException'{0x00000000eb5ab3a8}> (0x00000000eb5ab3a8) 
thrown [s\src\hotspot\share\prims\jni.cpp, line 520]

ZGC Phase Switch (0 events):
No events

VM Operations (20 events):
Event: 133.589 Executing VM operation: ParallelGCFailedAllocation (Allocation Failure)
Event: 133.589 Executing VM operation: ParallelGCFailedAllocation (Allocation Failure) done
Event: 133.590 Executing VM operation: ParallelGCSystemGC (GCLocker Initiated GC)
Event: 133.592 Executing VM operation: ParallelGCSystemGC (GCLocker Initiated GC) done
Event: 133.604 Executing VM operation: HandshakeAllThreads (Deoptimize)
Event: 133.604 Executing VM operation: HandshakeAllThreads (Deoptimize) done
Event: 134.607 Executing VM operation: Cleanup
Event: 134.710 Executing VM operation: Cleanup done
Event: 135.716 Executing VM operation: Cleanup
Event: 135.732 Executing VM operation: Cleanup done
Event: 141.916 Executing VM operation: HandshakeAllThreads (HandshakeForDeflation)
Event: 141.916 Executing VM operation: HandshakeAllThreads (HandshakeForDeflation) done
Event: 141.916 Executing VM operation: RendezvousGCThreads
Event: 141.916 Executing VM operation: RendezvousGCThreads done
Event: 163.057 Executing VM operation: Cleanup
Event: 163.057 Executing VM operation: Cleanup done
Event: 240.773 Executing VM operation: Cleanup
Event: 240.773 Executing VM operation: Cleanup done
Event: 243.808 Executing VM operation: Cleanup
Event: 243.824 Executing VM operation: Cleanup done

Memory protections (0 events):
No events

Nmethod flushes (20 events):
Event: 120.410 Thread 0x000002109c544ed0 flushing  nmethod 0x000002109f9dde90
Event: 120.410 Thread 0x000002109c544ed0 flushing  nmethod 0x000002109fa13110
Event: 120.410 Thread 0x000002109c544ed0 flushing  nmethod 0x000002109fa16890
Event: 120.410 Thread 0x000002109c544ed0 flushing  nmethod 0x000002109fa54410
Event: 120.410 Thread 0x000002109c544ed0 flushing  nmethod 0x000002109faaad10
Event: 120.410 Thread 0x000002109c544ed0 flushing  nmethod 0x000002109faab190
Event: 120.410 Thread 0x000002109c544ed0 flushing  nmethod 0x000002109faab690
Event: 120.410 Thread 0x000002109c544ed0 flushing  nmethod 0x000002109facda90
Event: 120.410 Thread 0x000002109c544ed0 flushing  nmethod 0x000002109face490
Event: 120.410 Thread 0x000002109c544ed0 flushing  nmethod 0x000002109fad4410
Event: 120.410 Thread 0x000002109c544ed0 flushing  nmethod 0x000002109fb11a10
Event: 120.410 Thread 0x000002109c544ed0 flushing  nmethod 0x000002109fb11d10
Event: 120.410 Thread 0x000002109c544ed0 flushing  nmethod 0x000002109fb13310
Event: 120.410 Thread 0x000002109c544ed0 flushing  nmethod 0x000002109fb52910
Event: 120.410 Thread 0x000002109c544ed0 flushing  nmethod 0x000002109fb53390
Event: 120.410 Thread 0x000002109c544ed0 flushing  nmethod 0x000002109fb53890
Event: 120.410 Thread 0x000002109c544ed0 flushing  nmethod 0x000002109fb5a090
Event: 120.410 Thread 0x000002109c544ed0 flushing  nmethod 0x000002109fb5bc90
Event: 120.410 Thread 0x000002109c544ed0 flushing  nmethod 0x000002109fb5d510
Event: 120.410 Thread 0x000002109c544ed0 flushing  nmethod 0x000002109fb6a810

Events (20 events):
Event: 100.986 Thread 0x00000210f612d2e0 Thread added: 0x00000210f72de940
Event: 102.365 Thread 0x00000210f72de940 Thread added: 0x00000210f72ddc20
Event: 105.411 Thread 0x00000210f72de2b0 Thread added: 0x00000210f72defd0
Event: 106.066 Thread 0x00000210f72de2b0 Thread added: 0x00000210f69f2010
Event: 132.386 Thread 0x00000210f69f2010 Thread exited: 0x00000210f69f2010
Event: 132.471 Thread 0x00000210f72defd0 Thread exited: 0x00000210f72defd0
Event: 132.626 Thread 0x00000210f72de2b0 Thread added: 0x00000210f72defd0
Event: 132.633 Thread 0x00000210f72de2b0 Thread added: 0x00000210f69f2010
Event: 133.719 Thread 0x00000210f69f2010 Thread exited: 0x00000210f69f2010
Event: 135.777 Thread 0x00000210f72defd0 Thread exited: 0x00000210f72defd0
Event: 162.995 Thread 0x00000210f72de2b0 Thread added: 0x00000210f72defd0
Event: 163.014 Thread 0x00000210f72defd0 Thread exited: 0x00000210f72defd0
Event: 192.777 Thread 0x00000210f72de940 Thread exited: 0x00000210f72de940
Event: 193.599 Thread 0x00000210f612d2e0 Thread exited: 0x00000210f612d2e0
Event: 240.152 Thread 0x00000210f72de2b0 Thread added: 0x00000210f72de940
Event: 240.315 Thread 0x00000210f72de940 Thread exited: 0x00000210f72de940
Event: 242.459 Thread 0x00000210f72de2b0 Thread added: 0x00000210f72de940
Event: 243.711 Thread 0x00000210f6951140 Thread added: 0x00000210f72defd0
Event: 243.852 Thread 0x00000210f72ddc20 Thread added: 0x00000210f7b7d130
Event: 243.933 Thread 0x00000210f7b7d130 Thread exited: 0x00000210f7b7d130


Dynamic libraries:
0x00007ff68cb20000 - 0x00007ff68cb2e000 	c:\Users\Babaloo\.vscode\extensions\redhat.java-1.42.0-win32-x64\jre\21.0.7-win32-x86_64\bin\java.exe
0x00007ffd8fbf0000 - 0x00007ffd8fde8000 	C:\Windows\SYSTEM32\ntdll.dll
0x00007ffd522c0000 - 0x00007ffd522db000 	C:\Program Files\Avast Software\Avast\aswhook.dll
0x00007ffd8ee80000 - 0x00007ffd8ef42000 	C:\Windows\System32\KERNEL32.DLL
0x00007ffd8d290000 - 0x00007ffd8d586000 	C:\Windows\System32\KERNELBASE.dll
0x00007ffd8db20000 - 0x00007ffd8dc20000 	C:\Windows\System32\ucrtbase.dll
0x00007ffd80fa0000 - 0x00007ffd80fb8000 	c:\Users\Babaloo\.vscode\extensions\redhat.java-1.42.0-win32-x64\jre\21.0.7-win32-x86_64\bin\jli.dll
0x00007ffd8eb20000 - 0x00007ffd8ecbd000 	C:\Windows\System32\USER32.dll
0x00007ffd8daf0000 - 0x00007ffd8db12000 	C:\Windows\System32\win32u.dll
0x00007ffd8dc20000 - 0x00007ffd8dc4b000 	C:\Windows\System32\GDI32.dll
0x00007ffd8d7a0000 - 0x00007ffd8d8ba000 	C:\Windows\System32\gdi32full.dll
0x00007ffd8d910000 - 0x00007ffd8d9ad000 	C:\Windows\System32\msvcp_win.dll
0x00007ffd7ea40000 - 0x00007ffd7ea5e000 	c:\Users\Babaloo\.vscode\extensions\redhat.java-1.42.0-win32-x64\jre\21.0.7-win32-x86_64\bin\VCRUNTIME140.dll
0x00007ffd8c590000 - 0x00007ffd8c82a000 	C:\Windows\WinSxS\amd64_microsoft.windows.common-controls_6595b64144ccf1df_6.0.19041.5794_none_60bcd33171f2783c\COMCTL32.dll
0x00007ffd8df30000 - 0x00007ffd8dfce000 	C:\Windows\System32\msvcrt.dll
0x00007ffd8ea90000 - 0x00007ffd8eabf000 	C:\Windows\System32\IMM32.DLL
0x00007ffd839c0000 - 0x00007ffd839cc000 	c:\Users\Babaloo\.vscode\extensions\redhat.java-1.42.0-win32-x64\jre\21.0.7-win32-x86_64\bin\vcruntime140_1.dll
0x00007ffd47d60000 - 0x00007ffd47ded000 	c:\Users\Babaloo\.vscode\extensions\redhat.java-1.42.0-win32-x64\jre\21.0.7-win32-x86_64\bin\msvcp140.dll
0x00007ffd29990000 - 0x00007ffd2a720000 	c:\Users\Babaloo\.vscode\extensions\redhat.java-1.42.0-win32-x64\jre\21.0.7-win32-x86_64\bin\server\jvm.dll
0x00007ffd8ecc0000 - 0x00007ffd8ed6f000 	C:\Windows\System32\ADVAPI32.dll
0x00007ffd8ed70000 - 0x00007ffd8ee0f000 	C:\Windows\System32\sechost.dll
0x00007ffd8e940000 - 0x00007ffd8ea63000 	C:\Windows\System32\RPCRT4.dll
0x00007ffd8d6f0000 - 0x00007ffd8d717000 	C:\Windows\System32\bcrypt.dll
0x00007ffd8ee10000 - 0x00007ffd8ee7b000 	C:\Windows\System32\WS2_32.dll
0x00007ffd8ccd0000 - 0x00007ffd8cd1b000 	C:\Windows\SYSTEM32\POWRPROF.dll
0x00007ffd6cac0000 - 0x00007ffd6cae7000 	C:\Windows\SYSTEM32\WINMM.dll
0x00007ffd82450000 - 0x00007ffd8245a000 	C:\Windows\SYSTEM32\VERSION.dll
0x00007ffd8c8a0000 - 0x00007ffd8c8b2000 	C:\Windows\SYSTEM32\UMPDC.dll
0x00007ffd8b410000 - 0x00007ffd8b422000 	C:\Windows\SYSTEM32\kernel.appcore.dll
0x00007ffd7dea0000 - 0x00007ffd7deaa000 	c:\Users\Babaloo\.vscode\extensions\redhat.java-1.42.0-win32-x64\jre\21.0.7-win32-x86_64\bin\jimage.dll
0x00007ffd8cac0000 - 0x00007ffd8ccc1000 	C:\Windows\SYSTEM32\DBGHELP.DLL
0x00007ffd8c9e0000 - 0x00007ffd8ca14000 	C:\Windows\SYSTEM32\dbgcore.DLL
0x00007ffd8d9b0000 - 0x00007ffd8da32000 	C:\Windows\System32\bcryptPrimitives.dll
0x00007ffd76e60000 - 0x00007ffd76e6f000 	c:\Users\Babaloo\.vscode\extensions\redhat.java-1.42.0-win32-x64\jre\21.0.7-win32-x86_64\bin\instrument.dll
0x00007ffd555f0000 - 0x00007ffd5560f000 	c:\Users\Babaloo\.vscode\extensions\redhat.java-1.42.0-win32-x64\jre\21.0.7-win32-x86_64\bin\java.dll
0x00007ffd8e1d0000 - 0x00007ffd8e93e000 	C:\Windows\System32\SHELL32.dll
0x00007ffd8a9b0000 - 0x00007ffd8b153000 	C:\Windows\SYSTEM32\windows.storage.dll
0x00007ffd8f780000 - 0x00007ffd8fad3000 	C:\Windows\System32\combase.dll
0x00007ffd8c830000 - 0x00007ffd8c85b000 	C:\Windows\SYSTEM32\Wldp.dll
0x00007ffd8fae0000 - 0x00007ffd8fbad000 	C:\Windows\System32\OLEAUT32.dll
0x00007ffd8e110000 - 0x00007ffd8e1bd000 	C:\Windows\System32\SHCORE.dll
0x00007ffd8eac0000 - 0x00007ffd8eb15000 	C:\Windows\System32\shlwapi.dll
0x00007ffd8d1c0000 - 0x00007ffd8d1e5000 	C:\Windows\SYSTEM32\profapi.dll
0x00007ffd683c0000 - 0x00007ffd683d8000 	c:\Users\Babaloo\.vscode\extensions\redhat.java-1.42.0-win32-x64\jre\21.0.7-win32-x86_64\bin\zip.dll
0x00007ffd75dc0000 - 0x00007ffd75dd0000 	C:\Users\Babaloo\.vscode\extensions\redhat.java-1.42.0-win32-x64\jre\21.0.7-win32-x86_64\bin\net.dll
0x00007ffd7f300000 - 0x00007ffd7f40a000 	C:\Windows\SYSTEM32\WINHTTP.dll
0x00007ffd8c3f0000 - 0x00007ffd8c45c000 	C:\Windows\system32\mswsock.dll
0x00007ffd54520000 - 0x00007ffd54536000 	C:\Users\Babaloo\.vscode\extensions\redhat.java-1.42.0-win32-x64\jre\21.0.7-win32-x86_64\bin\nio.dll
0x00007ffd72120000 - 0x00007ffd72130000 	c:\Users\Babaloo\.vscode\extensions\redhat.java-1.42.0-win32-x64\jre\21.0.7-win32-x86_64\bin\verify.dll
0x00007ffd544d0000 - 0x00007ffd54515000 	C:\Users\Babaloo\AppData\Roaming\Code\User\globalStorage\redhat.java\1.42.0\config_ss_win\org.eclipse.equinox.launcher\org.eclipse.equinox.launcher.win32.win32.x86_64_1.2.1300.v20250331-1702\eclipse_11911.dll
0x00007ffd8f4a0000 - 0x00007ffd8f5cb000 	C:\Windows\System32\ole32.dll
0x00007ffd8d000000 - 0x00007ffd8d018000 	C:\Windows\SYSTEM32\CRYPTSP.dll
0x00007ffd8bc00000 - 0x00007ffd8bc38000 	C:\Windows\system32\rsaenh.dll
0x00007ffd8d140000 - 0x00007ffd8d16e000 	C:\Windows\SYSTEM32\USERENV.dll
0x00007ffd8c3c0000 - 0x00007ffd8c3cc000 	C:\Windows\SYSTEM32\CRYPTBASE.dll
0x00007ffd8bf60000 - 0x00007ffd8bf9b000 	C:\Windows\SYSTEM32\IPHLPAPI.DLL
0x00007ffd8deb0000 - 0x00007ffd8deb8000 	C:\Windows\System32\NSI.dll
0x00007ffd467a0000 - 0x00007ffd467e9000 	C:\Users\Babaloo\AppData\Local\Temp\jna-1316230574\jna5467992282647253316.dll
0x00007ffd8dec0000 - 0x00007ffd8dec8000 	C:\Windows\System32\PSAPI.DLL
0x00007ffd7fa60000 - 0x00007ffd7fa77000 	C:\Windows\SYSTEM32\dhcpcsvc6.DLL
0x00007ffd806a0000 - 0x00007ffd806bd000 	C:\Windows\SYSTEM32\dhcpcsvc.DLL

dbghelp: loaded successfully - version: 4.0.5 - missing functions: none
symbol engine: initialized successfully - sym options: 0x614 - pdb path: .;c:\Users\Babaloo\.vscode\extensions\redhat.java-1.42.0-win32-x64\jre\21.0.7-win32-x86_64\bin;C:\Windows\SYSTEM32;C:\Program Files\Avast Software\Avast;C:\Windows\WinSxS\amd64_microsoft.windows.common-controls_6595b64144ccf1df_6.0.19041.5794_none_60bcd33171f2783c;c:\Users\Babaloo\.vscode\extensions\redhat.java-1.42.0-win32-x64\jre\21.0.7-win32-x86_64\bin\server;C:\Users\Babaloo\AppData\Roaming\Code\User\globalStorage\redhat.java\1.42.0\config_ss_win\org.eclipse.equinox.launcher\org.eclipse.equinox.launcher.win32.win32.x86_64_1.2.1300.v20250331-1702;C:\Users\Babaloo\AppData\Local\Temp\jna-1316230574

VM Arguments:
jvm_args: --add-modules=ALL-SYSTEM --add-opens=java.base/java.util=ALL-UNNAMED --add-opens=java.base/java.lang=ALL-UNNAMED --add-opens=java.base/sun.nio.fs=ALL-UNNAMED -Declipse.application=org.eclipse.jdt.ls.core.id1 -Dosgi.bundles.defaultStartLevel=4 -Declipse.product=org.eclipse.jdt.ls.core.product -Djava.import.generatesMetadataFilesAtProjectRoot=false -DDetectVMInstallationsJob.disabled=true -Dfile.encoding=utf8 -XX:+UseParallelGC -XX:GCTimeRatio=4 -XX:AdaptiveSizePolicyWeight=90 -Dsun.zip.disableMemoryMapping=true -Xmx1G -Xms100m -Xlog:disable -javaagent:c:\Users\Babaloo\.vscode\extensions\redhat.java-1.42.0-win32-x64\lombok\lombok-1.18.36.jar 
java_command: c:\Users\Babaloo\.vscode\extensions\redhat.java-1.42.0-win32-x64\server\plugins\org.eclipse.equinox.launcher_1.7.0.v20250424-1814.jar -configuration c:\Users\Babaloo\AppData\Roaming\Code\User\globalStorage\redhat.java\1.42.0\config_ss_win -data c:\Users\Babaloo\AppData\Roaming\Code\User\workspaceStorage\370a32ae1699ddc963b1ac98a167b735\redhat.java\ss_ws --pipe=\\.\pipe\lsp-80c2143374475322feca20204a26a1e2-sock
java_class_path (initial): c:\Users\Babaloo\.vscode\extensions\redhat.java-1.42.0-win32-x64\server\plugins\org.eclipse.equinox.launcher_1.7.0.v20250424-1814.jar
Launcher Type: SUN_STANDARD

[Global flags]
    uintx AdaptiveSizePolicyWeight                 = 90                                        {product} {command line}
     intx CICompilerCount                          = 2                                         {product} {ergonomic}
    uintx GCTimeRatio                              = 4                                         {product} {command line}
   size_t InitialHeapSize                          = 104857600                                 {product} {command line}
   size_t MaxHeapSize                              = 1073741824                                {product} {command line}
   size_t MaxNewSize                               = 357564416                                 {product} {ergonomic}
   size_t MinHeapDeltaBytes                        = 524288                                    {product} {ergonomic}
   size_t MinHeapSize                              = 104857600                                 {product} {command line}
   size_t NewSize                                  = 34603008                                  {product} {ergonomic}
    uintx NonNMethodCodeHeapSize                   = 5826188                                {pd product} {ergonomic}
    uintx NonProfiledCodeHeapSize                  = 122916026                              {pd product} {ergonomic}
   size_t OldSize                                  = 70254592                                  {product} {ergonomic}
    uintx ProfiledCodeHeapSize                     = 122916026                              {pd product} {ergonomic}
    uintx ReservedCodeCacheSize                    = 251658240                              {pd product} {ergonomic}
     bool SegmentedCodeCache                       = true                                      {product} {ergonomic}
   size_t SoftMaxHeapSize                          = 1073741824                             {manageable} {ergonomic}
     bool UseCompressedOops                        = true                           {product lp64_product} {ergonomic}
     bool UseLargePagesIndividualAllocation        = false                                  {pd product} {ergonomic}
     bool UseParallelGC                            = true                                      {product} {command line}

Logging:
Log output configuration:
 #0: stdout all=off uptime,level,tags foldmultilines=false
 #1: stderr all=off uptime,level,tags foldmultilines=false

Environment Variables:
PATH=C:\Program Files\Common Files\Oracle\Java\javapath;C:\Program Files (x86)\Common Files\Oracle\Java\javapath;C:\Windows\system32;C:\Windows;C:\Windows\System32\Wbem;C:\Windows\System32\WindowsPowerShell\v1.0\;C:\Windows\System32\OpenSSH\;C:\Users\Babaloo\OneDrive\Documentos\Clone Hero\Songs\ir tremer\Coisas do Cau\sites\php;C:\Program Files\nodejs\;C:\Program Files\Git\cmd;C:\Users\Babaloo\AppData\Local\Programs\Python\Python313\Scripts\;C:\Users\Babaloo\AppData\Local\Programs\Python\Python313\;C:\Users\Babaloo\AppData\Local\Programs\Python\Launcher\;C:\Users\Babaloo\AppData\Local\Microsoft\WindowsApps;C:\Users\Babaloo\AppData\Local\Programs\Microsoft VS Code\bin;C:\Program Files\JetBrains\PyCharm Community Edition 2024.3.5\bin;;C:\Users\Babaloo\AppData\Roaming\npm;C:\Program Files\Git\cmd;C:\Users\Babaloo\AppData\Local\GitHubDesktop\bin
USERNAME=Babaloo
OS=Windows_NT
PROCESSOR_IDENTIFIER=Intel64 Family 6 Model 142 Stepping 9, GenuineIntel
TMP=C:\Users\Babaloo\AppData\Local\Temp
TEMP=C:\Users\Babaloo\AppData\Local\Temp




Periodic native trim disabled

---------------  S Y S T E M  ---------------

OS:
 Windows 10 , 64 bit Build 19041 (10.0.19041.5794)
OS uptime: 3 days 2:56 hours

CPU: total 2 (initial active 2) (2 cores per cpu, 1 threads per core) family 6 model 142 stepping 9 microcode 0xb4, cx8, cmov, fxsr, mmx, 3dnowpref, sse, sse2, sse3, ssse3, sse4.1, sse4.2, popcnt, lzcnt, tsc, tscinvbit, aes, erms, clmul, clflush, clflushopt, rdtscp
Processor Information for the first 2 processors :
  Max Mhz: 1800, Current Mhz: 1800, Mhz Limit: 1800

Memory: 4k page, system-wide physical 4007M (215M free)
TotalPageFile size 9950M (AvailPageFile size 0M)
current process WorkingSet (physical memory assigned to process): 143M, peak: 183M
current process commit charge ("private bytes"): 229M, peak: 255M

vm_info: OpenJDK 64-Bit Server VM (21.0.7+6-LTS) for windows-amd64 JRE (21.0.7+6-LTS), built on 2025-04-15T00:00:00Z by "admin" with MS VC++ 17.7 (VS2022)

END.
